Performing C++ SOURCE FILE Test CMAKE_HAVE_LIBC_PTHREAD failed with the following output:
Change Dir: /home/hain/tinynet/cmake-build-debug/CMakeFiles/CMakeTmp

Run Build Command(s):/usr/bin/make cmTC_85e85/fast && /usr/bin/make -f CMakeFiles/cmTC_85e85.dir/build.make CMakeFiles/cmTC_85e85.dir/build
make[1]: Entering directory '/home/hain/tinynet/cmake-build-debug/CMakeFiles/CMakeTmp'
Building CXX object CMakeFiles/cmTC_85e85.dir/src.cxx.o
/usr/bin/clang++-12    -DCMAKE_HAVE_LIBC_PTHREAD   -std=gnu++17 -o CMakeFiles/cmTC_85e85.dir/src.cxx.o -c /home/hain/tinynet/cmake-build-debug/CMakeFiles/CMakeTmp/src.cxx
Linking CXX executable cmTC_85e85
/usr/bin/cmake -E cmake_link_script CMakeFiles/cmTC_85e85.dir/link.txt --verbose=1
/usr/bin/clang++-12   -DCMAKE_HAVE_LIBC_PTHREAD    CMakeFiles/cmTC_85e85.dir/src.cxx.o  -o cmTC_85e85 
/usr/bin/ld: CMakeFiles/cmTC_85e85.dir/src.cxx.o: in function `main':
src.cxx:(.text+0x35): undefined reference to `pthread_create'
/usr/bin/ld: src.cxx:(.text+0x3e): undefined reference to `pthread_detach'
/usr/bin/ld: src.cxx:(.text+0x4b): undefined reference to `pthread_join'
clang: error: linker command failed with exit code 1 (use -v to see invocation)
make[1]: *** [CMakeFiles/cmTC_85e85.dir/build.make:87: cmTC_85e85] Error 1
make[1]: Leaving directory '/home/hain/tinynet/cmake-build-debug/CMakeFiles/CMakeTmp'
make: *** [Makefile:121: cmTC_85e85/fast] Error 2


Source file was:
#include <pthread.h>

void* test_func(void* data)
{
  return data;
}

int main(void)
{
  pthread_t thread;
  pthread_create(&thread, NULL, test_func, NULL);
  pthread_detach(thread);
  pthread_join(thread, NULL);
  pthread_atfork(NULL, NULL, NULL);
  pthread_exit(NULL);

  return 0;
}

Determining if the function pthread_create exists in the pthreads failed with the following output:
Change Dir: /home/hain/tinynet/cmake-build-debug/CMakeFiles/CMakeTmp

Run Build Command(s):/usr/bin/make cmTC_724d3/fast && /usr/bin/make -f CMakeFiles/cmTC_724d3.dir/build.make CMakeFiles/cmTC_724d3.dir/build
make[1]: Entering directory '/home/hain/tinynet/cmake-build-debug/CMakeFiles/CMakeTmp'
Building CXX object CMakeFiles/cmTC_724d3.dir/CheckFunctionExists.cxx.o
/usr/bin/clang++-12    -DCHECK_FUNCTION_EXISTS=pthread_create   -std=gnu++17 -o CMakeFiles/cmTC_724d3.dir/CheckFunctionExists.cxx.o -c /home/hain/tinynet/cmake-build-debug/CMakeFiles/CheckLibraryExists/CheckFunctionExists.cxx
Linking CXX executable cmTC_724d3
/usr/bin/cmake -E cmake_link_script CMakeFiles/cmTC_724d3.dir/link.txt --verbose=1
/usr/bin/clang++-12   -DCHECK_FUNCTION_EXISTS=pthread_create    CMakeFiles/cmTC_724d3.dir/CheckFunctionExists.cxx.o  -o cmTC_724d3  -lpthreads 
/usr/bin/ld: cannot find -lpthreads
clang: error: linker command failed with exit code 1 (use -v to see invocation)
make[1]: *** [CMakeFiles/cmTC_724d3.dir/build.make:87: cmTC_724d3] Error 1
make[1]: Leaving directory '/home/hain/tinynet/cmake-build-debug/CMakeFiles/CMakeTmp'
make: *** [Makefile:121: cmTC_724d3/fast] Error 2



